Using pre-set license
Built from '2021.3/staging' branch; Version is '2021.3.2f1 (d6360bedb9a0) revision 14038539'; Using compiler version '192829333'; Build Type 'Release'
OS: 'Windows 11  (10.0.22000) 64bit Core' Language: 'pl' Physical Memory: 16226 MB
BatchMode: 1, IsHumanControllingUs: 0, StartBugReporterOnCrash: 0, Is64bit: 1, IsPro: 1

COMMAND LINE ARGUMENTS:
D:\My games\2021.3.2f1\Editor\Unity.exe
-adb2
-batchMode
-noUpm
-name
AssetImportWorker6
-projectPath
D:/GitHub/Voxels-game/Voxels game
-logFile
Logs/AssetImportWorker6.log
-srvPort
52639
Successfully changed project path to: D:/GitHub/Voxels-game/Voxels game
D:/GitHub/Voxels-game/Voxels game
[UnityMemory] Configuration Parameters - Can be set up in boot.config
    "memorysetup-bucket-allocator-granularity=16"
    "memorysetup-bucket-allocator-bucket-count=8"
    "memorysetup-bucket-allocator-block-size=33554432"
    "memorysetup-bucket-allocator-block-count=8"
    "memorysetup-main-allocator-block-size=16777216"
    "memorysetup-thread-allocator-block-size=16777216"
    "memorysetup-gfx-main-allocator-block-size=16777216"
    "memorysetup-gfx-thread-allocator-block-size=16777216"
    "memorysetup-cache-allocator-block-size=4194304"
    "memorysetup-typetree-allocator-block-size=2097152"
    "memorysetup-profiler-bucket-allocator-granularity=16"
    "memorysetup-profiler-bucket-allocator-bucket-count=8"
    "memorysetup-profiler-bucket-allocator-block-size=33554432"
    "memorysetup-profiler-bucket-allocator-block-count=8"
    "memorysetup-profiler-allocator-block-size=16777216"
    "memorysetup-profiler-editor-allocator-block-size=1048576"
    "memorysetup-temp-allocator-size-main=16777216"
    "memorysetup-job-temp-allocator-block-size=2097152"
    "memorysetup-job-temp-allocator-block-size-background=1048576"
    "memorysetup-job-temp-allocator-reduction-small-platforms=262144"
    "memorysetup-temp-allocator-size-background-worker=32768"
    "memorysetup-temp-allocator-size-job-worker=262144"
    "memorysetup-temp-allocator-size-preload-manager=33554432"
    "memorysetup-temp-allocator-size-nav-mesh-worker=65536"
    "memorysetup-temp-allocator-size-audio-worker=65536"
    "memorysetup-temp-allocator-size-cloud-worker=32768"
    "memorysetup-temp-allocator-size-gi-baking-worker=262144"
    "memorysetup-temp-allocator-size-gfx=262144"
Refreshing native plugins compatible for Editor in 88.12 ms, found 2 plugins.
Preloading 0 native plugins for Editor in 0.00 ms.
Initialize engine version: 2021.3.2f1 (d6360bedb9a0)
[Subsystems] Discovering subsystems at path D:/My games/2021.3.2f1/Editor/Data/Resources/UnitySubsystems
[Subsystems] Discovering subsystems at path D:/GitHub/Voxels-game/Voxels game/Assets
GfxDevice: creating device client; threaded=0; jobified=0
Direct3D:
    Version:  Direct3D 11.0 [level 11.1]
    Renderer: NVIDIA GeForce GTX 1050 (ID=0x1c8d)
    Vendor:   NVIDIA
    VRAM:     4019 MB
    Driver:   26.21.14.4223
Initialize mono
Mono path[0] = 'D:/My games/2021.3.2f1/Editor/Data/Managed'
Mono path[1] = 'D:/My games/2021.3.2f1/Editor/Data/MonoBleedingEdge/lib/mono/unityjit-win32'
Mono config path = 'D:/My games/2021.3.2f1/Editor/Data/MonoBleedingEdge/etc'
Using monoOptions --debugger-agent=transport=dt_socket,embedding=1,server=y,suspend=n,address=127.0.0.1:56580
Begin MonoManager ReloadAssembly
Registering precompiled unity dll's ...
Register platform support module: D:/My games/2021.3.2f1/Editor/Data/PlaybackEngines/WindowsStandaloneSupport/UnityEditor.WindowsStandalone.Extensions.dll
Registered in 0.004330 seconds.
Native extension for WindowsStandalone target not found
Refreshing native plugins compatible for Editor in 111.09 ms, found 2 plugins.
Preloading 0 native plugins for Editor in 0.00 ms.
Mono: successfully reloaded assembly
- Completed reload, in  1.019 seconds
Domain Reload Profiling:
	ReloadAssembly (1020ms)
		BeginReloadAssembly (88ms)
			ExecutionOrderSort (0ms)
			DisableScriptedObjects (0ms)
			BackupInstance (0ms)
			ReleaseScriptingObjects (0ms)
			CreateAndSetChildDomain (1ms)
		EndReloadAssembly (736ms)
			LoadAssemblies (87ms)
			RebuildTransferFunctionScriptingTraits (0ms)
			SetupTypeCache (172ms)
			ReleaseScriptCaches (0ms)
			RebuildScriptCaches (51ms)
			SetupLoadedEditorAssemblies (429ms)
				LogAssemblyErrors (0ms)
				InitializePlatformSupportModulesInManaged (9ms)
				SetLoadedEditorAssemblies (0ms)
				RefreshPlugins (111ms)
				BeforeProcessingInitializeOnLoad (3ms)
				ProcessInitializeOnLoadAttributes (224ms)
				ProcessInitializeOnLoadMethodAttributes (80ms)
				AfterProcessingInitializeOnLoad (0ms)
				EditorAssembliesLoaded (0ms)
			ExecutionOrderSort2 (0ms)
			AwakeInstancesAfterBackupRestoration (0ms)
Platform modules already initialized, skipping
Registering precompiled user dll's ...
Registered in 0.007451 seconds.
Begin MonoManager ReloadAssembly
Native extension for WindowsStandalone target not found
Refreshing native plugins compatible for Editor in 79.26 ms, found 2 plugins.
Preloading 0 native plugins for Editor in 0.00 ms.
Mono: successfully reloaded assembly
- Completed reload, in  1.643 seconds
Domain Reload Profiling:
	ReloadAssembly (1644ms)
		BeginReloadAssembly (148ms)
			ExecutionOrderSort (0ms)
			DisableScriptedObjects (12ms)
			BackupInstance (0ms)
			ReleaseScriptingObjects (0ms)
			CreateAndSetChildDomain (28ms)
		EndReloadAssembly (1343ms)
			LoadAssemblies (103ms)
			RebuildTransferFunctionScriptingTraits (0ms)
			SetupTypeCache (335ms)
			ReleaseScriptCaches (1ms)
			RebuildScriptCaches (80ms)
			SetupLoadedEditorAssemblies (770ms)
				LogAssemblyErrors (0ms)
				InitializePlatformSupportModulesInManaged (4ms)
				SetLoadedEditorAssemblies (0ms)
				RefreshPlugins (79ms)
				BeforeProcessingInitializeOnLoad (134ms)
				ProcessInitializeOnLoadAttributes (427ms)
				ProcessInitializeOnLoadMethodAttributes (123ms)
				AfterProcessingInitializeOnLoad (3ms)
				EditorAssembliesLoaded (0ms)
			ExecutionOrderSort2 (0ms)
			AwakeInstancesAfterBackupRestoration (10ms)
Platform modules already initialized, skipping
========================================================================
Worker process is ready to serve import requests
Launched and connected shader compiler UnityShaderCompiler.exe after 0.73 seconds
Refreshing native plugins compatible for Editor in 1.06 ms, found 2 plugins.
Preloading 0 native plugins for Editor in 0.00 ms.
Unloading 4318 Unused Serialized files (Serialized files now loaded: 0)
Unloading 50 unused Assets / (1.9 MB). Loaded Objects now: 4770.
Memory consumption went from 196.2 MB to 194.3 MB.
Total: 5.519500 ms (FindLiveObjects: 0.463400 ms CreateObjectMapping: 0.386000 ms MarkObjects: 4.086900 ms  DeleteObjects: 0.581800 ms)

AssetImportParameters requested are different than current active one (requested -> active):
  custom:video-decoder-ogg-theora: a1e56fd34408186e4bbccfd4996cb3dc -> 
  custom:container-muxer-webm: aa71ff27fc2769a1b78a27578f13a17b -> 
  custom:container-demuxer-webm: 4f35f7cbe854078d1ac9338744f61a02 -> 
  custom:video-encoder-webm-vp8: eb34c28f22e8b96e1ab97ce403110664 -> 
  custom:audio-encoder-webm-vorbis: bf7c407c2cedff20999df2af8eb42d56 -> 
  custom:framework-win-MediaFoundation: 216162199b28c13a410421893ffa2e32 -> 
  custom:container-demuxer-ogg: 62fdf1f143b41e24485cea50d1cbac27 -> 
  custom:video-decoder-webm-vp8: 9c59270c3fd7afecdb556c50c9e8de78 -> 
  custom:audio-decoder-ogg-vorbis: bf7c407c2cedff20999df2af8eb42d56 -> 
========================================================================
Received Prepare
Registering precompiled user dll's ...
Registered in 0.023195 seconds.
Begin MonoManager ReloadAssembly
Native extension for WindowsStandalone target not found
Refreshing native plugins compatible for Editor in 0.80 ms, found 2 plugins.
Preloading 0 native plugins for Editor in 0.00 ms.
Mono: successfully reloaded assembly
- Completed reload, in  1.726 seconds
Domain Reload Profiling:
	ReloadAssembly (1727ms)
		BeginReloadAssembly (211ms)
			ExecutionOrderSort (0ms)
			DisableScriptedObjects (11ms)
			BackupInstance (0ms)
			ReleaseScriptingObjects (0ms)
			CreateAndSetChildDomain (62ms)
		EndReloadAssembly (1301ms)
			LoadAssemblies (133ms)
			RebuildTransferFunctionScriptingTraits (0ms)
			SetupTypeCache (405ms)
			ReleaseScriptCaches (1ms)
			RebuildScriptCaches (58ms)
			SetupLoadedEditorAssemblies (635ms)
				LogAssemblyErrors (0ms)
				InitializePlatformSupportModulesInManaged (24ms)
				SetLoadedEditorAssemblies (1ms)
				RefreshPlugins (1ms)
				BeforeProcessingInitializeOnLoad (88ms)
				ProcessInitializeOnLoadAttributes (409ms)
				ProcessInitializeOnLoadMethodAttributes (111ms)
				AfterProcessingInitializeOnLoad (2ms)
				EditorAssembliesLoaded (0ms)
			ExecutionOrderSort2 (0ms)
			AwakeInstancesAfterBackupRestoration (9ms)
Platform modules already initialized, skipping
Refreshing native plugins compatible for Editor in 3.24 ms, found 2 plugins.
Preloading 0 native plugins for Editor in 0.00 ms.
Unloading 4199 Unused Serialized files (Serialized files now loaded: 0)
Unloading 41 unused Assets / (1.9 MB). Loaded Objects now: 4773.
Memory consumption went from 187.6 MB to 185.7 MB.
Total: 7.119000 ms (FindLiveObjects: 0.471900 ms CreateObjectMapping: 0.522800 ms MarkObjects: 5.431200 ms  DeleteObjects: 0.691900 ms)

AssetImportParameters requested are different than current active one (requested -> active):
  custom:video-decoder-ogg-theora: a1e56fd34408186e4bbccfd4996cb3dc -> 
  custom:container-muxer-webm: aa71ff27fc2769a1b78a27578f13a17b -> 
  custom:container-demuxer-webm: 4f35f7cbe854078d1ac9338744f61a02 -> 
  custom:video-encoder-webm-vp8: eb34c28f22e8b96e1ab97ce403110664 -> 
  custom:audio-encoder-webm-vorbis: bf7c407c2cedff20999df2af8eb42d56 -> 
  custom:framework-win-MediaFoundation: 216162199b28c13a410421893ffa2e32 -> 
  custom:container-demuxer-ogg: 62fdf1f143b41e24485cea50d1cbac27 -> 
  custom:video-decoder-webm-vp8: 9c59270c3fd7afecdb556c50c9e8de78 -> 
  custom:audio-decoder-ogg-vorbis: bf7c407c2cedff20999df2af8eb42d56 -> 
========================================================================
Received Import Request.
  Time since last request: 91100.025146 seconds.
  path: Assets/Presets
  artifactKey: Guid(558255460b74ec04fa70b5570e9327bd) Importer(815301076,1909f56bfc062723c751e8b465ee728b)
Start importing Assets/Presets using Guid(558255460b74ec04fa70b5570e9327bd) Importer(815301076,1909f56bfc062723c751e8b465ee728b)  -> (artifact id: '496c8470d2b558a6514911061904c69e') in 0.051978 seconds 
========================================================================
Received Import Request.
  Time since last request: 225.141998 seconds.
  path: Assets/Scripts/Blocks
  artifactKey: Guid(4dda0c70c9173b8478018e53fff7ed36) Importer(815301076,1909f56bfc062723c751e8b465ee728b)
Start importing Assets/Scripts/Blocks using Guid(4dda0c70c9173b8478018e53fff7ed36) Importer(815301076,1909f56bfc062723c751e8b465ee728b)  -> (artifact id: 'f0d1164e61aaef87732dcfb174a31ccd') in 0.010417 seconds 
========================================================================
Received Import Request.
  Time since last request: 1.290833 seconds.
  path: Assets/Scripts/Blocks/BlockSide.cs
  artifactKey: Guid(f922467294c8b92418f5d9aafa635c02) Importer(815301076,1909f56bfc062723c751e8b465ee728b)
Start importing Assets/Scripts/Blocks/BlockSide.cs using Guid(f922467294c8b92418f5d9aafa635c02) Importer(815301076,1909f56bfc062723c751e8b465ee728b)  -> (artifact id: '611c4de7b73fe2e5d7b79c078a77fa93') in 0.084228 seconds 
========================================================================
Received Import Request.
  Time since last request: 0.173054 seconds.
  path: Assets/Scripts/Blocks/Type
  artifactKey: Guid(b84ec3da4ada72d4ca4e6b849c798494) Importer(815301076,1909f56bfc062723c751e8b465ee728b)
Start importing Assets/Scripts/Blocks/Type using Guid(b84ec3da4ada72d4ca4e6b849c798494) Importer(815301076,1909f56bfc062723c751e8b465ee728b)  -> (artifact id: '870856571be3744162592e54d41ccca8') in 0.007690 seconds 
========================================================================
Received Import Request.
  Time since last request: 5.078779 seconds.
  path: Assets/Scripts/Blocks/Type/MeshData.cs
  artifactKey: Guid(37454ce3337f43e7bc5c3515bcb51cad) Importer(815301076,1909f56bfc062723c751e8b465ee728b)
Start importing Assets/Scripts/Blocks/Type/MeshData.cs using Guid(37454ce3337f43e7bc5c3515bcb51cad) Importer(815301076,1909f56bfc062723c751e8b465ee728b)  -> (artifact id: '48aa3469e49bbe71be1eb630d3633081') in 0.043393 seconds 
========================================================================
Received Import Request.
  Time since last request: 0.505105 seconds.
  path: Assets/Scripts/Blocks/Type/MaterialType.cs
  artifactKey: Guid(79b0656917a8e1047a47e4a8758dc124) Importer(815301076,1909f56bfc062723c751e8b465ee728b)
Start importing Assets/Scripts/Blocks/Type/MaterialType.cs using Guid(79b0656917a8e1047a47e4a8758dc124) Importer(815301076,1909f56bfc062723c751e8b465ee728b)  -> (artifact id: '7fa90ba23f93ed3672475d0af8d64f98') in 0.039690 seconds 
========================================================================
Received Import Request.
  Time since last request: 0.335739 seconds.
  path: Assets/Scripts/Blocks/Type/FaceData.cs
  artifactKey: Guid(86c652835003463baf3340ac606d7d2c) Importer(815301076,1909f56bfc062723c751e8b465ee728b)
Start importing Assets/Scripts/Blocks/Type/FaceData.cs using Guid(86c652835003463baf3340ac606d7d2c) Importer(815301076,1909f56bfc062723c751e8b465ee728b)  -> (artifact id: '2aa89c5f79eb781c53287509fba183a2') in 0.014125 seconds 
========================================================================
Received Import Request.
  Time since last request: 0.442938 seconds.
  path: Assets/Scripts/Blocks/Type/BlockType.cs
  artifactKey: Guid(e2c088d73c2a421d8eea39a3f1b67bda) Importer(815301076,1909f56bfc062723c751e8b465ee728b)
Start importing Assets/Scripts/Blocks/Type/BlockType.cs using Guid(e2c088d73c2a421d8eea39a3f1b67bda) Importer(815301076,1909f56bfc062723c751e8b465ee728b)  -> (artifact id: '270d8cb28e6f0335929deaff9bfd528a') in 0.033086 seconds 
========================================================================
Received Import Request.
  Time since last request: 0.263531 seconds.
  path: Assets/Scripts/Blocks/Type/Block.cs
  artifactKey: Guid(a9bdc134e1033614b8713c206f60a23e) Importer(815301076,1909f56bfc062723c751e8b465ee728b)
Start importing Assets/Scripts/Blocks/Type/Block.cs using Guid(a9bdc134e1033614b8713c206f60a23e) Importer(815301076,1909f56bfc062723c751e8b465ee728b)  -> (artifact id: 'd7d7dc48bdfa02144cadaa15b24a1e2b') in 0.005200 seconds 
========================================================================
Received Import Request.
  Time since last request: 11.934213 seconds.
  path: Assets/Scripts/Blocks/Textures
  artifactKey: Guid(f2a5d008c7cd10342b88590eb3d45c9e) Importer(815301076,1909f56bfc062723c751e8b465ee728b)
Start importing Assets/Scripts/Blocks/Textures using Guid(f2a5d008c7cd10342b88590eb3d45c9e) Importer(815301076,1909f56bfc062723c751e8b465ee728b)  -> (artifact id: '252bc4b2d8218d6151503fa913da3fb6') in 0.029537 seconds 
========================================================================
Received Prepare
Registering precompiled user dll's ...
Registered in 0.006561 seconds.
Begin MonoManager ReloadAssembly
Native extension for WindowsStandalone target not found
Refreshing native plugins compatible for Editor in 0.76 ms, found 2 plugins.
Preloading 0 native plugins for Editor in 0.00 ms.
Mono: successfully reloaded assembly
- Completed reload, in  1.272 seconds
Domain Reload Profiling:
	ReloadAssembly (1273ms)
		BeginReloadAssembly (137ms)
			ExecutionOrderSort (0ms)
			DisableScriptedObjects (7ms)
			BackupInstance (0ms)
			ReleaseScriptingObjects (0ms)
			CreateAndSetChildDomain (44ms)
		EndReloadAssembly (1035ms)
			LoadAssemblies (90ms)
			RebuildTransferFunctionScriptingTraits (0ms)
			SetupTypeCache (286ms)
			ReleaseScriptCaches (2ms)
			RebuildScriptCaches (53ms)
			SetupLoadedEditorAssemblies (540ms)
				LogAssemblyErrors (0ms)
				InitializePlatformSupportModulesInManaged (20ms)
				SetLoadedEditorAssemblies (1ms)
				RefreshPlugins (1ms)
				BeforeProcessingInitializeOnLoad (78ms)
				ProcessInitializeOnLoadAttributes (334ms)
				ProcessInitializeOnLoadMethodAttributes (104ms)
				AfterProcessingInitializeOnLoad (2ms)
				EditorAssembliesLoaded (0ms)
			ExecutionOrderSort2 (0ms)
			AwakeInstancesAfterBackupRestoration (9ms)
Platform modules already initialized, skipping
Refreshing native plugins compatible for Editor in 2.64 ms, found 2 plugins.
Preloading 0 native plugins for Editor in 0.00 ms.
Unloading 4199 Unused Serialized files (Serialized files now loaded: 0)
Unloading 41 unused Assets / (1.9 MB). Loaded Objects now: 4776.
Memory consumption went from 187.6 MB to 185.7 MB.
Total: 4.206900 ms (FindLiveObjects: 0.321900 ms CreateObjectMapping: 0.218000 ms MarkObjects: 3.184700 ms  DeleteObjects: 0.481400 ms)

AssetImportParameters requested are different than current active one (requested -> active):
  custom:video-decoder-ogg-theora: a1e56fd34408186e4bbccfd4996cb3dc -> 
  custom:container-muxer-webm: aa71ff27fc2769a1b78a27578f13a17b -> 
  custom:container-demuxer-webm: 4f35f7cbe854078d1ac9338744f61a02 -> 
  custom:video-encoder-webm-vp8: eb34c28f22e8b96e1ab97ce403110664 -> 
  custom:audio-encoder-webm-vorbis: bf7c407c2cedff20999df2af8eb42d56 -> 
  custom:framework-win-MediaFoundation: 216162199b28c13a410421893ffa2e32 -> 
  custom:container-demuxer-ogg: 62fdf1f143b41e24485cea50d1cbac27 -> 
  custom:video-decoder-webm-vp8: 9c59270c3fd7afecdb556c50c9e8de78 -> 
  custom:audio-decoder-ogg-vorbis: bf7c407c2cedff20999df2af8eb42d56 -> 
========================================================================
Received Prepare
Registering precompiled user dll's ...
Registered in 0.006598 seconds.
Begin MonoManager ReloadAssembly
Native extension for WindowsStandalone target not found
Refreshing native plugins compatible for Editor in 0.92 ms, found 2 plugins.
Preloading 0 native plugins for Editor in 0.00 ms.
Mono: successfully reloaded assembly
- Completed reload, in  1.576 seconds
Domain Reload Profiling:
	ReloadAssembly (1577ms)
		BeginReloadAssembly (136ms)
			ExecutionOrderSort (0ms)
			DisableScriptedObjects (6ms)
			BackupInstance (0ms)
			ReleaseScriptingObjects (0ms)
			CreateAndSetChildDomain (42ms)
		EndReloadAssembly (1316ms)
			LoadAssemblies (87ms)
			RebuildTransferFunctionScriptingTraits (0ms)
			SetupTypeCache (348ms)
			ReleaseScriptCaches (2ms)
			RebuildScriptCaches (63ms)
			SetupLoadedEditorAssemblies (737ms)
				LogAssemblyErrors (0ms)
				InitializePlatformSupportModulesInManaged (18ms)
				SetLoadedEditorAssemblies (1ms)
				RefreshPlugins (1ms)
				BeforeProcessingInitializeOnLoad (103ms)
				ProcessInitializeOnLoadAttributes (439ms)
				ProcessInitializeOnLoadMethodAttributes (171ms)
				AfterProcessingInitializeOnLoad (4ms)
				EditorAssembliesLoaded (0ms)
			ExecutionOrderSort2 (0ms)
			AwakeInstancesAfterBackupRestoration (11ms)
Platform modules already initialized, skipping
Refreshing native plugins compatible for Editor in 2.35 ms, found 2 plugins.
Preloading 0 native plugins for Editor in 0.00 ms.
Unloading 4199 Unused Serialized files (Serialized files now loaded: 0)
Unloading 41 unused Assets / (1.9 MB). Loaded Objects now: 4779.
Memory consumption went from 187.7 MB to 185.8 MB.
Total: 5.956200 ms (FindLiveObjects: 0.372400 ms CreateObjectMapping: 0.508000 ms MarkObjects: 4.518400 ms  DeleteObjects: 0.556300 ms)

AssetImportParameters requested are different than current active one (requested -> active):
  custom:video-decoder-ogg-theora: a1e56fd34408186e4bbccfd4996cb3dc -> 
  custom:container-muxer-webm: aa71ff27fc2769a1b78a27578f13a17b -> 
  custom:container-demuxer-webm: 4f35f7cbe854078d1ac9338744f61a02 -> 
  custom:video-encoder-webm-vp8: eb34c28f22e8b96e1ab97ce403110664 -> 
  custom:audio-encoder-webm-vorbis: bf7c407c2cedff20999df2af8eb42d56 -> 
  custom:framework-win-MediaFoundation: 216162199b28c13a410421893ffa2e32 -> 
  custom:container-demuxer-ogg: 62fdf1f143b41e24485cea50d1cbac27 -> 
  custom:video-decoder-webm-vp8: 9c59270c3fd7afecdb556c50c9e8de78 -> 
  custom:audio-decoder-ogg-vorbis: bf7c407c2cedff20999df2af8eb42d56 -> 
========================================================================
Received Prepare
Registering precompiled user dll's ...
Registered in 0.005418 seconds.
Begin MonoManager ReloadAssembly
Native extension for WindowsStandalone target not found
Refreshing native plugins compatible for Editor in 0.82 ms, found 2 plugins.
Preloading 0 native plugins for Editor in 0.00 ms.
Mono: successfully reloaded assembly
- Completed reload, in  1.272 seconds
Domain Reload Profiling:
	ReloadAssembly (1273ms)
		BeginReloadAssembly (148ms)
			ExecutionOrderSort (0ms)
			DisableScriptedObjects (7ms)
			BackupInstance (0ms)
			ReleaseScriptingObjects (0ms)
			CreateAndSetChildDomain (43ms)
		EndReloadAssembly (1023ms)
			LoadAssemblies (99ms)
			RebuildTransferFunctionScriptingTraits (0ms)
			SetupTypeCache (278ms)
			ReleaseScriptCaches (1ms)
			RebuildScriptCaches (50ms)
			SetupLoadedEditorAssemblies (550ms)
				LogAssemblyErrors (0ms)
				InitializePlatformSupportModulesInManaged (17ms)
				SetLoadedEditorAssemblies (1ms)
				RefreshPlugins (1ms)
				BeforeProcessingInitializeOnLoad (83ms)
				ProcessInitializeOnLoadAttributes (345ms)
				ProcessInitializeOnLoadMethodAttributes (99ms)
				AfterProcessingInitializeOnLoad (3ms)
				EditorAssembliesLoaded (0ms)
			ExecutionOrderSort2 (0ms)
			AwakeInstancesAfterBackupRestoration (11ms)
Platform modules already initialized, skipping
Refreshing native plugins compatible for Editor in 3.03 ms, found 2 plugins.
Preloading 0 native plugins for Editor in 0.00 ms.
Unloading 4199 Unused Serialized files (Serialized files now loaded: 0)
Unloading 41 unused Assets / (1.9 MB). Loaded Objects now: 4782.
Memory consumption went from 187.7 MB to 185.8 MB.
Total: 4.350100 ms (FindLiveObjects: 0.387400 ms CreateObjectMapping: 0.289300 ms MarkObjects: 3.185900 ms  DeleteObjects: 0.486600 ms)

AssetImportParameters requested are different than current active one (requested -> active):
  custom:video-decoder-ogg-theora: a1e56fd34408186e4bbccfd4996cb3dc -> 
  custom:container-muxer-webm: aa71ff27fc2769a1b78a27578f13a17b -> 
  custom:container-demuxer-webm: 4f35f7cbe854078d1ac9338744f61a02 -> 
  custom:video-encoder-webm-vp8: eb34c28f22e8b96e1ab97ce403110664 -> 
  custom:audio-encoder-webm-vorbis: bf7c407c2cedff20999df2af8eb42d56 -> 
  custom:framework-win-MediaFoundation: 216162199b28c13a410421893ffa2e32 -> 
  custom:container-demuxer-ogg: 62fdf1f143b41e24485cea50d1cbac27 -> 
  custom:video-decoder-webm-vp8: 9c59270c3fd7afecdb556c50c9e8de78 -> 
  custom:audio-decoder-ogg-vorbis: bf7c407c2cedff20999df2af8eb42d56 -> 
========================================================================
Received Import Request.
  Time since last request: 110.093616 seconds.
  path: Assets/Scripts/Blocks/Block_material
  artifactKey: Guid(28d9aaea61fda0c4084e1917073a470a) Importer(815301076,1909f56bfc062723c751e8b465ee728b)
Start importing Assets/Scripts/Blocks/Block_material using Guid(28d9aaea61fda0c4084e1917073a470a) Importer(815301076,1909f56bfc062723c751e8b465ee728b)  -> (artifact id: 'bba74e66ec29658ac4147aeaa594078f') in 0.009269 seconds 
========================================================================
Received Prepare
Registering precompiled user dll's ...
Registered in 0.005858 seconds.
Begin MonoManager ReloadAssembly
Native extension for WindowsStandalone target not found
Refreshing native plugins compatible for Editor in 0.86 ms, found 2 plugins.
Preloading 0 native plugins for Editor in 0.00 ms.
Mono: successfully reloaded assembly
- Completed reload, in  1.316 seconds
Domain Reload Profiling:
	ReloadAssembly (1317ms)
		BeginReloadAssembly (150ms)
			ExecutionOrderSort (0ms)
			DisableScriptedObjects (6ms)
			BackupInstance (0ms)
			ReleaseScriptingObjects (0ms)
			CreateAndSetChildDomain (49ms)
		EndReloadAssembly (1061ms)
			LoadAssemblies (95ms)
			RebuildTransferFunctionScriptingTraits (0ms)
			SetupTypeCache (286ms)
			ReleaseScriptCaches (2ms)
			RebuildScriptCaches (59ms)
			SetupLoadedEditorAssemblies (566ms)
				LogAssemblyErrors (0ms)
				InitializePlatformSupportModulesInManaged (19ms)
				SetLoadedEditorAssemblies (1ms)
				RefreshPlugins (1ms)
				BeforeProcessingInitializeOnLoad (83ms)
				ProcessInitializeOnLoadAttributes (350ms)
				ProcessInitializeOnLoadMethodAttributes (110ms)
				AfterProcessingInitializeOnLoad (2ms)
				EditorAssembliesLoaded (0ms)
			ExecutionOrderSort2 (0ms)
			AwakeInstancesAfterBackupRestoration (8ms)
Platform modules already initialized, skipping
Refreshing native plugins compatible for Editor in 1.85 ms, found 2 plugins.
Preloading 0 native plugins for Editor in 0.00 ms.
Unloading 4199 Unused Serialized files (Serialized files now loaded: 0)
Unloading 41 unused Assets / (1.9 MB). Loaded Objects now: 4785.
Memory consumption went from 187.7 MB to 185.8 MB.
Total: 4.259200 ms (FindLiveObjects: 0.321700 ms CreateObjectMapping: 0.244300 ms MarkObjects: 3.242200 ms  DeleteObjects: 0.450300 ms)

AssetImportParameters requested are different than current active one (requested -> active):
  custom:video-decoder-ogg-theora: a1e56fd34408186e4bbccfd4996cb3dc -> 
  custom:container-muxer-webm: aa71ff27fc2769a1b78a27578f13a17b -> 
  custom:container-demuxer-webm: 4f35f7cbe854078d1ac9338744f61a02 -> 
  custom:video-encoder-webm-vp8: eb34c28f22e8b96e1ab97ce403110664 -> 
  custom:audio-encoder-webm-vorbis: bf7c407c2cedff20999df2af8eb42d56 -> 
  custom:framework-win-MediaFoundation: 216162199b28c13a410421893ffa2e32 -> 
  custom:container-demuxer-ogg: 62fdf1f143b41e24485cea50d1cbac27 -> 
  custom:video-decoder-webm-vp8: 9c59270c3fd7afecdb556c50c9e8de78 -> 
  custom:audio-decoder-ogg-vorbis: bf7c407c2cedff20999df2af8eb42d56 -> 
========================================================================
Received Import Request.
  Time since last request: 13.600833 seconds.
  path: Assets/Scripts/Blocks/Side
  artifactKey: Guid(37a27cf5240e7bc479491febeda9757b) Importer(815301076,1909f56bfc062723c751e8b465ee728b)
Start importing Assets/Scripts/Blocks/Side using Guid(37a27cf5240e7bc479491febeda9757b) Importer(815301076,1909f56bfc062723c751e8b465ee728b)  -> (artifact id: 'c38ab7333ae466dfeb9a9443f83c1c7e') in 0.009233 seconds 
========================================================================
Received Import Request.
  Time since last request: 5.147534 seconds.
  path: Assets/Scripts/Blocks/BlockMesh
  artifactKey: Guid(80d2334956dbc9f48ac44931475a08a1) Importer(815301076,1909f56bfc062723c751e8b465ee728b)
Start importing Assets/Scripts/Blocks/BlockMesh using Guid(80d2334956dbc9f48ac44931475a08a1) Importer(815301076,1909f56bfc062723c751e8b465ee728b)  -> (artifact id: 'd8f7ec1d35625b81e06c337c4b159033') in 0.007561 seconds 
========================================================================
Received Prepare
Registering precompiled user dll's ...
Registered in 0.005271 seconds.
Begin MonoManager ReloadAssembly
Native extension for WindowsStandalone target not found
Refreshing native plugins compatible for Editor in 1.01 ms, found 2 plugins.
Preloading 0 native plugins for Editor in 0.00 ms.
Mono: successfully reloaded assembly
- Completed reload, in  1.309 seconds
Domain Reload Profiling:
	ReloadAssembly (1310ms)
		BeginReloadAssembly (151ms)
			ExecutionOrderSort (0ms)
			DisableScriptedObjects (8ms)
			BackupInstance (0ms)
			ReleaseScriptingObjects (0ms)
			CreateAndSetChildDomain (47ms)
		EndReloadAssembly (1030ms)
			LoadAssemblies (101ms)
			RebuildTransferFunctionScriptingTraits (0ms)
			SetupTypeCache (275ms)
			ReleaseScriptCaches (1ms)
			RebuildScriptCaches (48ms)
			SetupLoadedEditorAssemblies (559ms)
				LogAssemblyErrors (0ms)
				InitializePlatformSupportModulesInManaged (18ms)
				SetLoadedEditorAssemblies (0ms)
				RefreshPlugins (1ms)
				BeforeProcessingInitializeOnLoad (82ms)
				ProcessInitializeOnLoadAttributes (356ms)
				ProcessInitializeOnLoadMethodAttributes (99ms)
				AfterProcessingInitializeOnLoad (2ms)
				EditorAssembliesLoaded (0ms)
			ExecutionOrderSort2 (0ms)
			AwakeInstancesAfterBackupRestoration (9ms)
Platform modules already initialized, skipping
Refreshing native plugins compatible for Editor in 1.84 ms, found 2 plugins.
Preloading 0 native plugins for Editor in 0.00 ms.
Unloading 4199 Unused Serialized files (Serialized files now loaded: 0)
Unloading 41 unused Assets / (1.9 MB). Loaded Objects now: 4788.
Memory consumption went from 187.7 MB to 185.8 MB.
Total: 4.497900 ms (FindLiveObjects: 0.318100 ms CreateObjectMapping: 0.218000 ms MarkObjects: 3.488800 ms  DeleteObjects: 0.472200 ms)

AssetImportParameters requested are different than current active one (requested -> active):
  custom:video-decoder-ogg-theora: a1e56fd34408186e4bbccfd4996cb3dc -> 
  custom:container-muxer-webm: aa71ff27fc2769a1b78a27578f13a17b -> 
  custom:container-demuxer-webm: 4f35f7cbe854078d1ac9338744f61a02 -> 
  custom:video-encoder-webm-vp8: eb34c28f22e8b96e1ab97ce403110664 -> 
  custom:audio-encoder-webm-vorbis: bf7c407c2cedff20999df2af8eb42d56 -> 
  custom:framework-win-MediaFoundation: 216162199b28c13a410421893ffa2e32 -> 
  custom:container-demuxer-ogg: 62fdf1f143b41e24485cea50d1cbac27 -> 
  custom:video-decoder-webm-vp8: 9c59270c3fd7afecdb556c50c9e8de78 -> 
  custom:audio-decoder-ogg-vorbis: bf7c407c2cedff20999df2af8eb42d56 -> 
========================================================================
Received Import Request.
  Time since last request: 10.706754 seconds.
  path: Assets/Scripts/Blocks/Block_Mesh
  artifactKey: Guid(80d2334956dbc9f48ac44931475a08a1) Importer(815301076,1909f56bfc062723c751e8b465ee728b)
Start importing Assets/Scripts/Blocks/Block_Mesh using Guid(80d2334956dbc9f48ac44931475a08a1) Importer(815301076,1909f56bfc062723c751e8b465ee728b)  -> (artifact id: 'd3b7735e01e626aa32cce4ce6bae81e3') in 0.038470 seconds 
========================================================================
Received Prepare
Registering precompiled user dll's ...
Registered in 0.005185 seconds.
Begin MonoManager ReloadAssembly
Native extension for WindowsStandalone target not found
Refreshing native plugins compatible for Editor in 1.23 ms, found 2 plugins.
Preloading 0 native plugins for Editor in 0.00 ms.
Mono: successfully reloaded assembly
- Completed reload, in  1.415 seconds
Domain Reload Profiling:
	ReloadAssembly (1416ms)
		BeginReloadAssembly (166ms)
			ExecutionOrderSort (0ms)
			DisableScriptedObjects (7ms)
			BackupInstance (0ms)
			ReleaseScriptingObjects (0ms)
			CreateAndSetChildDomain (56ms)
		EndReloadAssembly (1122ms)
			LoadAssemblies (105ms)
			RebuildTransferFunctionScriptingTraits (0ms)
			SetupTypeCache (299ms)
			ReleaseScriptCaches (1ms)
			RebuildScriptCaches (60ms)
			SetupLoadedEditorAssemblies (586ms)
				LogAssemblyErrors (0ms)
				InitializePlatformSupportModulesInManaged (18ms)
				SetLoadedEditorAssemblies (1ms)
				RefreshPlugins (1ms)
				BeforeProcessingInitializeOnLoad (85ms)
				ProcessInitializeOnLoadAttributes (375ms)
				ProcessInitializeOnLoadMethodAttributes (104ms)
				AfterProcessingInitializeOnLoad (2ms)
				EditorAssembliesLoaded (0ms)
			ExecutionOrderSort2 (0ms)
			AwakeInstancesAfterBackupRestoration (15ms)
Platform modules already initialized, skipping
Refreshing native plugins compatible for Editor in 2.42 ms, found 2 plugins.
Preloading 0 native plugins for Editor in 0.00 ms.
Unloading 4199 Unused Serialized files (Serialized files now loaded: 0)
Unloading 41 unused Assets / (1.9 MB). Loaded Objects now: 4791.
Memory consumption went from 187.7 MB to 185.8 MB.
Total: 4.352100 ms (FindLiveObjects: 0.304400 ms CreateObjectMapping: 0.253800 ms MarkObjects: 3.326800 ms  DeleteObjects: 0.466300 ms)

AssetImportParameters requested are different than current active one (requested -> active):
  custom:video-decoder-ogg-theora: a1e56fd34408186e4bbccfd4996cb3dc -> 
  custom:container-muxer-webm: aa71ff27fc2769a1b78a27578f13a17b -> 
  custom:container-demuxer-webm: 4f35f7cbe854078d1ac9338744f61a02 -> 
  custom:video-encoder-webm-vp8: eb34c28f22e8b96e1ab97ce403110664 -> 
  custom:audio-encoder-webm-vorbis: bf7c407c2cedff20999df2af8eb42d56 -> 
  custom:framework-win-MediaFoundation: 216162199b28c13a410421893ffa2e32 -> 
  custom:container-demuxer-ogg: 62fdf1f143b41e24485cea50d1cbac27 -> 
  custom:video-decoder-webm-vp8: 9c59270c3fd7afecdb556c50c9e8de78 -> 
  custom:audio-decoder-ogg-vorbis: bf7c407c2cedff20999df2af8eb42d56 -> 
========================================================================
Received Import Request.
  Time since last request: 14.044866 seconds.
  path: Assets/Scripts/Types
  artifactKey: Guid(b33c537f06a818b40915dba72664e686) Importer(815301076,1909f56bfc062723c751e8b465ee728b)
Start importing Assets/Scripts/Types using Guid(b33c537f06a818b40915dba72664e686) Importer(815301076,1909f56bfc062723c751e8b465ee728b)  -> (artifact id: '3fa1234c968f933e2803f4fd79bbda5f') in 0.010245 seconds 
========================================================================
Received Prepare
Registering precompiled user dll's ...
Registered in 0.006487 seconds.
Begin MonoManager ReloadAssembly
Native extension for WindowsStandalone target not found
Refreshing native plugins compatible for Editor in 0.83 ms, found 2 plugins.
Preloading 0 native plugins for Editor in 0.00 ms.
Mono: successfully reloaded assembly
- Completed reload, in  1.395 seconds
Domain Reload Profiling:
	ReloadAssembly (1396ms)
		BeginReloadAssembly (176ms)
			ExecutionOrderSort (0ms)
			DisableScriptedObjects (8ms)
			BackupInstance (0ms)
			ReleaseScriptingObjects (0ms)
			CreateAndSetChildDomain (49ms)
		EndReloadAssembly (1088ms)
			LoadAssemblies (120ms)
			RebuildTransferFunctionScriptingTraits (0ms)
			SetupTypeCache (291ms)
			ReleaseScriptCaches (2ms)
			RebuildScriptCaches (61ms)
			SetupLoadedEditorAssemblies (588ms)
				LogAssemblyErrors (0ms)
				InitializePlatformSupportModulesInManaged (15ms)
				SetLoadedEditorAssemblies (1ms)
				RefreshPlugins (1ms)
				BeforeProcessingInitializeOnLoad (91ms)
				ProcessInitializeOnLoadAttributes (372ms)
				ProcessInitializeOnLoadMethodAttributes (103ms)
				AfterProcessingInitializeOnLoad (6ms)
				EditorAssembliesLoaded (0ms)
			ExecutionOrderSort2 (0ms)
			AwakeInstancesAfterBackupRestoration (9ms)
Platform modules already initialized, skipping
Refreshing native plugins compatible for Editor in 2.41 ms, found 2 plugins.
Preloading 0 native plugins for Editor in 0.00 ms.
Unloading 4199 Unused Serialized files (Serialized files now loaded: 0)
Unloading 41 unused Assets / (1.9 MB). Loaded Objects now: 4794.
Memory consumption went from 187.7 MB to 185.8 MB.
Total: 4.630800 ms (FindLiveObjects: 0.375800 ms CreateObjectMapping: 0.243400 ms MarkObjects: 3.502600 ms  DeleteObjects: 0.508000 ms)

AssetImportParameters requested are different than current active one (requested -> active):
  custom:video-decoder-ogg-theora: a1e56fd34408186e4bbccfd4996cb3dc -> 
  custom:container-muxer-webm: aa71ff27fc2769a1b78a27578f13a17b -> 
  custom:container-demuxer-webm: 4f35f7cbe854078d1ac9338744f61a02 -> 
  custom:video-encoder-webm-vp8: eb34c28f22e8b96e1ab97ce403110664 -> 
  custom:audio-encoder-webm-vorbis: bf7c407c2cedff20999df2af8eb42d56 -> 
  custom:framework-win-MediaFoundation: 216162199b28c13a410421893ffa2e32 -> 
  custom:container-demuxer-ogg: 62fdf1f143b41e24485cea50d1cbac27 -> 
  custom:video-decoder-webm-vp8: 9c59270c3fd7afecdb556c50c9e8de78 -> 
  custom:audio-decoder-ogg-vorbis: bf7c407c2cedff20999df2af8eb42d56 -> 
========================================================================
Received Import Request.
  Time since last request: 11.374422 seconds.
  path: Assets/Scripts/Chunks/Chunk.cs
  artifactKey: Guid(d73d8916083448847a70d9ffa6910450) Importer(815301076,1909f56bfc062723c751e8b465ee728b)
Start importing Assets/Scripts/Chunks/Chunk.cs using Guid(d73d8916083448847a70d9ffa6910450) Importer(815301076,1909f56bfc062723c751e8b465ee728b)  -> (artifact id: '8c04b256f54a3149c8dfda34ed470b11') in 0.010724 seconds 
========================================================================
Received Prepare
Registering precompiled user dll's ...
Registered in 0.007323 seconds.
Begin MonoManager ReloadAssembly
Native extension for WindowsStandalone target not found
Refreshing native plugins compatible for Editor in 0.84 ms, found 2 plugins.
Preloading 0 native plugins for Editor in 0.00 ms.
Mono: successfully reloaded assembly
- Completed reload, in  1.352 seconds
Domain Reload Profiling:
	ReloadAssembly (1353ms)
		BeginReloadAssembly (135ms)
			ExecutionOrderSort (0ms)
			DisableScriptedObjects (6ms)
			BackupInstance (0ms)
			ReleaseScriptingObjects (0ms)
			CreateAndSetChildDomain (42ms)
		EndReloadAssembly (1079ms)
			LoadAssemblies (95ms)
			RebuildTransferFunctionScriptingTraits (0ms)
			SetupTypeCache (284ms)
			ReleaseScriptCaches (1ms)
			RebuildScriptCaches (51ms)
			SetupLoadedEditorAssemblies (593ms)
				LogAssemblyErrors (0ms)
				InitializePlatformSupportModulesInManaged (18ms)
				SetLoadedEditorAssemblies (1ms)
				RefreshPlugins (1ms)
				BeforeProcessingInitializeOnLoad (82ms)
				ProcessInitializeOnLoadAttributes (392ms)
				ProcessInitializeOnLoadMethodAttributes (96ms)
				AfterProcessingInitializeOnLoad (2ms)
				EditorAssembliesLoaded (0ms)
			ExecutionOrderSort2 (0ms)
			AwakeInstancesAfterBackupRestoration (10ms)
Platform modules already initialized, skipping
Refreshing native plugins compatible for Editor in 2.10 ms, found 2 plugins.
Preloading 0 native plugins for Editor in 0.00 ms.
Unloading 4198 Unused Serialized files (Serialized files now loaded: 0)
Unloading 42 unused Assets / (1.9 MB). Loaded Objects now: 4796.
Memory consumption went from 187.7 MB to 185.8 MB.
Total: 3.872100 ms (FindLiveObjects: 0.313500 ms CreateObjectMapping: 0.276700 ms MarkObjects: 2.816200 ms  DeleteObjects: 0.464900 ms)

AssetImportParameters requested are different than current active one (requested -> active):
  custom:video-decoder-ogg-theora: a1e56fd34408186e4bbccfd4996cb3dc -> 
  custom:container-muxer-webm: aa71ff27fc2769a1b78a27578f13a17b -> 
  custom:container-demuxer-webm: 4f35f7cbe854078d1ac9338744f61a02 -> 
  custom:video-encoder-webm-vp8: eb34c28f22e8b96e1ab97ce403110664 -> 
  custom:audio-encoder-webm-vorbis: bf7c407c2cedff20999df2af8eb42d56 -> 
  custom:framework-win-MediaFoundation: 216162199b28c13a410421893ffa2e32 -> 
  custom:container-demuxer-ogg: 62fdf1f143b41e24485cea50d1cbac27 -> 
  custom:video-decoder-webm-vp8: 9c59270c3fd7afecdb556c50c9e8de78 -> 
  custom:audio-decoder-ogg-vorbis: bf7c407c2cedff20999df2af8eb42d56 -> 
========================================================================
Received Import Request.
  Time since last request: 17.631220 seconds.
  path: Assets/Scripts/Chunks/Jobs
  artifactKey: Guid(7a07065b6fff40b4fb5db080c73d97d0) Importer(815301076,1909f56bfc062723c751e8b465ee728b)
Start importing Assets/Scripts/Chunks/Jobs using Guid(7a07065b6fff40b4fb5db080c73d97d0) Importer(815301076,1909f56bfc062723c751e8b465ee728b)  -> (artifact id: 'efe1ac30e332728bd2e1fe025fa652c7') in 0.015547 seconds 
========================================================================
Received Prepare
Registering precompiled user dll's ...
Registered in 0.005930 seconds.
Begin MonoManager ReloadAssembly
Native extension for WindowsStandalone target not found
Refreshing native plugins compatible for Editor in 0.79 ms, found 2 plugins.
Preloading 0 native plugins for Editor in 0.00 ms.
Mono: successfully reloaded assembly
- Completed reload, in  1.352 seconds
Domain Reload Profiling:
	ReloadAssembly (1353ms)
		BeginReloadAssembly (149ms)
			ExecutionOrderSort (0ms)
			DisableScriptedObjects (13ms)
			BackupInstance (0ms)
			ReleaseScriptingObjects (0ms)
			CreateAndSetChildDomain (40ms)
		EndReloadAssembly (1091ms)
			LoadAssemblies (103ms)
			RebuildTransferFunctionScriptingTraits (0ms)
			SetupTypeCache (301ms)
			ReleaseScriptCaches (2ms)
			RebuildScriptCaches (61ms)
			SetupLoadedEditorAssemblies (575ms)
				LogAssemblyErrors (0ms)
				InitializePlatformSupportModulesInManaged (17ms)
				SetLoadedEditorAssemblies (1ms)
				RefreshPlugins (1ms)
				BeforeProcessingInitializeOnLoad (89ms)
				ProcessInitializeOnLoadAttributes (369ms)
				ProcessInitializeOnLoadMethodAttributes (95ms)
				AfterProcessingInitializeOnLoad (2ms)
				EditorAssembliesLoaded (0ms)
			ExecutionOrderSort2 (0ms)
			AwakeInstancesAfterBackupRestoration (10ms)
Platform modules already initialized, skipping
Refreshing native plugins compatible for Editor in 2.07 ms, found 2 plugins.
Preloading 0 native plugins for Editor in 0.00 ms.
Unloading 4196 Unused Serialized files (Serialized files now loaded: 0)
Unloading 43 unused Assets / (1.9 MB). Loaded Objects now: 4797.
Memory consumption went from 187.7 MB to 185.8 MB.
Total: 4.601400 ms (FindLiveObjects: 0.340300 ms CreateObjectMapping: 0.257200 ms MarkObjects: 3.266300 ms  DeleteObjects: 0.736100 ms)

AssetImportParameters requested are different than current active one (requested -> active):
  custom:video-decoder-ogg-theora: a1e56fd34408186e4bbccfd4996cb3dc -> 
  custom:container-muxer-webm: aa71ff27fc2769a1b78a27578f13a17b -> 
  custom:container-demuxer-webm: 4f35f7cbe854078d1ac9338744f61a02 -> 
  custom:video-encoder-webm-vp8: eb34c28f22e8b96e1ab97ce403110664 -> 
  custom:audio-encoder-webm-vorbis: bf7c407c2cedff20999df2af8eb42d56 -> 
  custom:framework-win-MediaFoundation: 216162199b28c13a410421893ffa2e32 -> 
  custom:container-demuxer-ogg: 62fdf1f143b41e24485cea50d1cbac27 -> 
  custom:video-decoder-webm-vp8: 9c59270c3fd7afecdb556c50c9e8de78 -> 
  custom:audio-decoder-ogg-vorbis: bf7c407c2cedff20999df2af8eb42d56 -> 
========================================================================
Received Import Request.
  Time since last request: 15.303999 seconds.
  path: Assets/Scripts/Controllers
  artifactKey: Guid(7d38cca8442e0074889d8e0ac0e1834d) Importer(815301076,1909f56bfc062723c751e8b465ee728b)
Start importing Assets/Scripts/Controllers using Guid(7d38cca8442e0074889d8e0ac0e1834d) Importer(815301076,1909f56bfc062723c751e8b465ee728b)  -> (artifact id: '83eae5cb96d3c7891256ce3b5f1ae21e') in 0.009058 seconds 
========================================================================
Received Import Request.
  Time since last request: 1.396669 seconds.
  path: Assets/Scripts/Controllers/Pause
  artifactKey: Guid(b9f81acd89bc8294d98dd693b7c4b065) Importer(815301076,1909f56bfc062723c751e8b465ee728b)
Start importing Assets/Scripts/Controllers/Pause using Guid(b9f81acd89bc8294d98dd693b7c4b065) Importer(815301076,1909f56bfc062723c751e8b465ee728b)  -> (artifact id: '57cb5763496aafcc129d255bdda8b233') in 0.032227 seconds 
========================================================================
Received Import Request.
  Time since last request: 1.294465 seconds.
  path: Assets/Scripts/Controllers/Player
  artifactKey: Guid(ce9e957ff7c3c504bbcc592b3aa9b490) Importer(815301076,1909f56bfc062723c751e8b465ee728b)
Start importing Assets/Scripts/Controllers/Player using Guid(ce9e957ff7c3c504bbcc592b3aa9b490) Importer(815301076,1909f56bfc062723c751e8b465ee728b)  -> (artifact id: '902b38be99416f0656f27520257e7bf4') in 0.031934 seconds 
========================================================================
Received Import Request.
  Time since last request: 9.181002 seconds.
  path: Assets/Scripts/Controllers/Inventory
  artifactKey: Guid(d47409aa478e61d48b8bc864805476ed) Importer(815301076,1909f56bfc062723c751e8b465ee728b)
Start importing Assets/Scripts/Controllers/Inventory using Guid(d47409aa478e61d48b8bc864805476ed) Importer(815301076,1909f56bfc062723c751e8b465ee728b)  -> (artifact id: '874828ae836cfbec3ef87f627443a16f') in 0.063515 seconds 
========================================================================
Received Prepare
Registering precompiled user dll's ...
Registered in 0.005734 seconds.
Begin MonoManager ReloadAssembly
Native extension for WindowsStandalone target not found
Refreshing native plugins compatible for Editor in 0.76 ms, found 2 plugins.
Preloading 0 native plugins for Editor in 0.00 ms.
Mono: successfully reloaded assembly
- Completed reload, in  1.334 seconds
Domain Reload Profiling:
	ReloadAssembly (1335ms)
		BeginReloadAssembly (166ms)
			ExecutionOrderSort (0ms)
			DisableScriptedObjects (8ms)
			BackupInstance (0ms)
			ReleaseScriptingObjects (0ms)
			CreateAndSetChildDomain (48ms)
		EndReloadAssembly (1040ms)
			LoadAssemblies (96ms)
			RebuildTransferFunctionScriptingTraits (0ms)
			SetupTypeCache (285ms)
			ReleaseScriptCaches (2ms)
			RebuildScriptCaches (53ms)
			SetupLoadedEditorAssemblies (554ms)
				LogAssemblyErrors (0ms)
				InitializePlatformSupportModulesInManaged (14ms)
				SetLoadedEditorAssemblies (1ms)
				RefreshPlugins (1ms)
				BeforeProcessingInitializeOnLoad (90ms)
				ProcessInitializeOnLoadAttributes (358ms)
				ProcessInitializeOnLoadMethodAttributes (87ms)
				AfterProcessingInitializeOnLoad (4ms)
				EditorAssembliesLoaded (0ms)
			ExecutionOrderSort2 (0ms)
			AwakeInstancesAfterBackupRestoration (8ms)
Platform modules already initialized, skipping
Refreshing native plugins compatible for Editor in 1.90 ms, found 2 plugins.
Preloading 0 native plugins for Editor in 0.00 ms.
Unloading 4196 Unused Serialized files (Serialized files now loaded: 0)
Unloading 41 unused Assets / (1.9 MB). Loaded Objects now: 4800.
Memory consumption went from 187.5 MB to 185.6 MB.
Total: 3.941600 ms (FindLiveObjects: 0.312000 ms CreateObjectMapping: 0.278100 ms MarkObjects: 2.866700 ms  DeleteObjects: 0.483400 ms)

AssetImportParameters requested are different than current active one (requested -> active):
  custom:video-decoder-ogg-theora: a1e56fd34408186e4bbccfd4996cb3dc -> 
  custom:container-muxer-webm: aa71ff27fc2769a1b78a27578f13a17b -> 
  custom:container-demuxer-webm: 4f35f7cbe854078d1ac9338744f61a02 -> 
  custom:video-encoder-webm-vp8: eb34c28f22e8b96e1ab97ce403110664 -> 
  custom:audio-encoder-webm-vorbis: bf7c407c2cedff20999df2af8eb42d56 -> 
  custom:framework-win-MediaFoundation: 216162199b28c13a410421893ffa2e32 -> 
  custom:container-demuxer-ogg: 62fdf1f143b41e24485cea50d1cbac27 -> 
  custom:video-decoder-webm-vp8: 9c59270c3fd7afecdb556c50c9e8de78 -> 
  custom:audio-decoder-ogg-vorbis: bf7c407c2cedff20999df2af8eb42d56 -> 
========================================================================
Received Import Request.
  Time since last request: 14.074094 seconds.
  path: Assets/Scripts/Time Events
  artifactKey: Guid(ebb91d3cfcb0532409659556aa08f193) Importer(815301076,1909f56bfc062723c751e8b465ee728b)
Start importing Assets/Scripts/Time Events using Guid(ebb91d3cfcb0532409659556aa08f193) Importer(815301076,1909f56bfc062723c751e8b465ee728b)  -> (artifact id: '3baa21295144ad90f6e9975c8063b752') in 0.010931 seconds 
========================================================================
Received Import Request.
  Time since last request: 1.440186 seconds.
  path: Assets/Scripts/Time Events/Destroy
  artifactKey: Guid(30f25d97bf418244081a8a68b64a1f3b) Importer(815301076,1909f56bfc062723c751e8b465ee728b)
Start importing Assets/Scripts/Time Events/Destroy using Guid(30f25d97bf418244081a8a68b64a1f3b) Importer(815301076,1909f56bfc062723c751e8b465ee728b)  -> (artifact id: '8ea486b119f38aabedc23055901bf6e7') in 0.006682 seconds 
========================================================================
Received Import Request.
  Time since last request: 0.596737 seconds.
  path: Assets/Scripts/Time Events/Destroy/DestroyAfterTime.cs
  artifactKey: Guid(070c1a56323998a4e82a24d74bea699c) Importer(815301076,1909f56bfc062723c751e8b465ee728b)
Start importing Assets/Scripts/Time Events/Destroy/DestroyAfterTime.cs using Guid(070c1a56323998a4e82a24d74bea699c) Importer(815301076,1909f56bfc062723c751e8b465ee728b)  -> (artifact id: '2b0e48f766b9367b37837756064db694') in 0.005117 seconds 
========================================================================
Received Import Request.
  Time since last request: 3.482098 seconds.
  path: Assets/Scripts/Input
  artifactKey: Guid(131126603cc44624d8505e5e3829d580) Importer(815301076,1909f56bfc062723c751e8b465ee728b)
Start importing Assets/Scripts/Input using Guid(131126603cc44624d8505e5e3829d580) Importer(815301076,1909f56bfc062723c751e8b465ee728b)  -> (artifact id: '737a422d65ee9b429a66a409002078c9') in 0.030822 seconds 
========================================================================
Received Import Request.
  Time since last request: 0.741762 seconds.
  path: Assets/Scripts/Input/InputManager.cs
  artifactKey: Guid(e7eaeb4d763022e42aef2992efb16bbc) Importer(815301076,1909f56bfc062723c751e8b465ee728b)
Start importing Assets/Scripts/Input/InputManager.cs using Guid(e7eaeb4d763022e42aef2992efb16bbc) Importer(815301076,1909f56bfc062723c751e8b465ee728b)  -> (artifact id: 'e7a30f5eba6b5112e685a8e81f40ca1e') in 0.005958 seconds 
========================================================================
Received Import Request.
  Time since last request: 1.925537 seconds.
  path: Assets/Scripts/Inventory
  artifactKey: Guid(9128676620d5de64182659cbbf489733) Importer(815301076,1909f56bfc062723c751e8b465ee728b)
Start importing Assets/Scripts/Inventory using Guid(9128676620d5de64182659cbbf489733) Importer(815301076,1909f56bfc062723c751e8b465ee728b)  -> (artifact id: '7037149278cbc5277cd0d2bb3b3b38b1') in 0.002239 seconds 
========================================================================
Received Import Request.
  Time since last request: 4.509951 seconds.
  path: Assets/Cursors
  artifactKey: Guid(958234e30b4848f489d74de662473d25) Importer(815301076,1909f56bfc062723c751e8b465ee728b)
Start importing Assets/Cursors using Guid(958234e30b4848f489d74de662473d25) Importer(815301076,1909f56bfc062723c751e8b465ee728b)  -> (artifact id: '7a294889412e3256e9383ce5398afce4') in 0.008238 seconds 
========================================================================
Received Import Request.
  Time since last request: 0.705359 seconds.
  path: Assets/Cursors/Cross.png
  artifactKey: Guid(2994e61c06a89f94e825dcfc7a59476a) Importer(815301076,1909f56bfc062723c751e8b465ee728b)
Start importing Assets/Cursors/Cross.png using Guid(2994e61c06a89f94e825dcfc7a59476a) Importer(815301076,1909f56bfc062723c751e8b465ee728b)  -> (artifact id: '5b8d3e99a1a49a444cacf4209a24fd04') in 0.774793 seconds 
========================================================================
Received Import Request.
  Time since last request: 0.000022 seconds.
  path: Assets/Cursors/None.png
  artifactKey: Guid(2c8c3b4dac130904a8696a58b265e4b5) Importer(815301076,1909f56bfc062723c751e8b465ee728b)
Start importing Assets/Cursors/None.png using Guid(2c8c3b4dac130904a8696a58b265e4b5) Importer(815301076,1909f56bfc062723c751e8b465ee728b)  -> (artifact id: '11def1637f0aa0b001fe5bb3c9368cca') in 0.153512 seconds 
========================================================================
Received Import Request.
  Time since last request: 3.472109 seconds.
  path: Assets
  artifactKey: Guid(00000000000000001000000000000000) Importer(815301076,1909f56bfc062723c751e8b465ee728b)
Start importing Assets using Guid(00000000000000001000000000000000) Importer(815301076,1909f56bfc062723c751e8b465ee728b)  -> (artifact id: '79842766b460edbeab6a34051e857a80') in 0.007583 seconds 
========================================================================
Received Prepare
Registering precompiled user dll's ...
Registered in 0.007781 seconds.
Begin MonoManager ReloadAssembly
Native extension for WindowsStandalone target not found
Refreshing native plugins compatible for Editor in 0.79 ms, found 2 plugins.
Preloading 0 native plugins for Editor in 0.00 ms.
Mono: successfully reloaded assembly
- Completed reload, in  1.321 seconds
Domain Reload Profiling:
	ReloadAssembly (1322ms)
		BeginReloadAssembly (165ms)
			ExecutionOrderSort (0ms)
			DisableScriptedObjects (8ms)
			BackupInstance (0ms)
			ReleaseScriptingObjects (0ms)
			CreateAndSetChildDomain (48ms)
		EndReloadAssembly (1037ms)
			LoadAssemblies (108ms)
			RebuildTransferFunctionScriptingTraits (0ms)
			SetupTypeCache (302ms)
			ReleaseScriptCaches (1ms)
			RebuildScriptCaches (53ms)
			SetupLoadedEditorAssemblies (543ms)
				LogAssemblyErrors (0ms)
				InitializePlatformSupportModulesInManaged (14ms)
				SetLoadedEditorAssemblies (1ms)
				RefreshPlugins (1ms)
				BeforeProcessingInitializeOnLoad (91ms)
				ProcessInitializeOnLoadAttributes (343ms)
				ProcessInitializeOnLoadMethodAttributes (91ms)
				AfterProcessingInitializeOnLoad (2ms)
				EditorAssembliesLoaded (0ms)
			ExecutionOrderSort2 (0ms)
			AwakeInstancesAfterBackupRestoration (9ms)
Platform modules already initialized, skipping
Refreshing native plugins compatible for Editor in 1.91 ms, found 2 plugins.
Preloading 0 native plugins for Editor in 0.00 ms.
Unloading 4196 Unused Serialized files (Serialized files now loaded: 0)
Unloading 41 unused Assets / (1.9 MB). Loaded Objects now: 4805.
Memory consumption went from 187.6 MB to 185.7 MB.
Total: 4.551700 ms (FindLiveObjects: 0.324300 ms CreateObjectMapping: 0.249900 ms MarkObjects: 3.266600 ms  DeleteObjects: 0.709800 ms)

AssetImportParameters requested are different than current active one (requested -> active):
  custom:video-decoder-ogg-theora: a1e56fd34408186e4bbccfd4996cb3dc -> 
  custom:container-muxer-webm: aa71ff27fc2769a1b78a27578f13a17b -> 
  custom:container-demuxer-webm: 4f35f7cbe854078d1ac9338744f61a02 -> 
  custom:video-encoder-webm-vp8: eb34c28f22e8b96e1ab97ce403110664 -> 
  custom:audio-encoder-webm-vorbis: bf7c407c2cedff20999df2af8eb42d56 -> 
  custom:framework-win-MediaFoundation: 216162199b28c13a410421893ffa2e32 -> 
  custom:container-demuxer-ogg: 62fdf1f143b41e24485cea50d1cbac27 -> 
  custom:video-decoder-webm-vp8: 9c59270c3fd7afecdb556c50c9e8de78 -> 
  custom:audio-decoder-ogg-vorbis: bf7c407c2cedff20999df2af8eb42d56 -> 
========================================================================
Received Import Request.
  Time since last request: 26.429950 seconds.
  path: Assets/Graphics
  artifactKey: Guid(7d79d56ae729a204a93ca61db8902e74) Importer(815301076,1909f56bfc062723c751e8b465ee728b)
Start importing Assets/Graphics using Guid(7d79d56ae729a204a93ca61db8902e74) Importer(815301076,1909f56bfc062723c751e8b465ee728b)  -> (artifact id: 'ee3b28bb2d32e948a2a4d12cdc536899') in 0.008939 seconds 
========================================================================
Received Import Request.
  Time since last request: 12.075283 seconds.
  path: Assets/Graphics/3D
  artifactKey: Guid(ed77a85de4c37a947a8e7a50259e6cbc) Importer(815301076,1909f56bfc062723c751e8b465ee728b)
Start importing Assets/Graphics/3D using Guid(ed77a85de4c37a947a8e7a50259e6cbc) Importer(815301076,1909f56bfc062723c751e8b465ee728b)  -> (artifact id: '51ebe09ad97d5ddf4a1de9d360c31af0') in 0.005381 seconds 
========================================================================
Received Import Request.
  Time since last request: 7.044749 seconds.
  path: Assets/Graphics/2D
  artifactKey: Guid(82917db3e6c2db24e8723452b90423c8) Importer(815301076,1909f56bfc062723c751e8b465ee728b)
Start importing Assets/Graphics/2D using Guid(82917db3e6c2db24e8723452b90423c8) Importer(815301076,1909f56bfc062723c751e8b465ee728b)  -> (artifact id: 'c68756f40ae03425c5aed8a2d8250868') in 0.005060 seconds 
========================================================================
Received Import Request.
  Time since last request: 22.232904 seconds.
  path: Assets/Scriptable objects
  artifactKey: Guid(d216d3f40bb15b84f87ed5f5c9e1fb6e) Importer(815301076,1909f56bfc062723c751e8b465ee728b)
Start importing Assets/Scriptable objects using Guid(d216d3f40bb15b84f87ed5f5c9e1fb6e) Importer(815301076,1909f56bfc062723c751e8b465ee728b)  -> (artifact id: '87ee1aa8454c8b0c3778e70318c80b6e') in 0.007756 seconds 
========================================================================
Received Import Request.
  Time since last request: 0.400433 seconds.
  path: Assets/Scenes
  artifactKey: Guid(b7c1a5982c006f240a32ed731dc71855) Importer(815301076,1909f56bfc062723c751e8b465ee728b)
Start importing Assets/Scenes using Guid(b7c1a5982c006f240a32ed731dc71855) Importer(815301076,1909f56bfc062723c751e8b465ee728b)  -> (artifact id: 'df15b04f6480013b217b60adc7caa2b2') in 0.008852 seconds 
========================================================================
Received Import Request.
  Time since last request: 1.439349 seconds.
  path: Assets/Resources
  artifactKey: Guid(3910f43d8be10654c8edd8ddd2951f37) Importer(815301076,1909f56bfc062723c751e8b465ee728b)
Start importing Assets/Resources using Guid(3910f43d8be10654c8edd8ddd2951f37) Importer(815301076,1909f56bfc062723c751e8b465ee728b)  -> (artifact id: '498e602bbc3e3e734c3f7ca2c169f72b') in 0.007046 seconds 
========================================================================
Received Import Request.
  Time since last request: 1.775046 seconds.
  path: Assets/Plugins
  artifactKey: Guid(cc5bb7aef0ffe4e4aaf83a39615f2ea0) Importer(815301076,1909f56bfc062723c751e8b465ee728b)
Start importing Assets/Plugins using Guid(cc5bb7aef0ffe4e4aaf83a39615f2ea0) Importer(815301076,1909f56bfc062723c751e8b465ee728b)  -> (artifact id: '2c288716ed09d968d6979ac987612a58') in 0.007172 seconds 
========================================================================
Received Import Request.
  Time since last request: 22.915107 seconds.
  path: Assets/Input Actions
  artifactKey: Guid(08f8ea2aea012814b8ca46d57496310e) Importer(815301076,1909f56bfc062723c751e8b465ee728b)
Start importing Assets/Input Actions using Guid(08f8ea2aea012814b8ca46d57496310e) Importer(815301076,1909f56bfc062723c751e8b465ee728b)  -> (artifact id: 'b59a15e3ce72f087243cee315b330bcb') in 0.008413 seconds 
========================================================================
Received Import Request.
  Time since last request: 8.980359 seconds.
  path: Assets/Graphics/3D/Materials
  artifactKey: Guid(d0234ba368eeec9418390da711bfdad0) Importer(815301076,1909f56bfc062723c751e8b465ee728b)
Start importing Assets/Graphics/3D/Materials using Guid(d0234ba368eeec9418390da711bfdad0) Importer(815301076,1909f56bfc062723c751e8b465ee728b)  -> (artifact id: '83ba00896bd7bf65fb5a99f472f277dc') in 0.006941 seconds 
========================================================================
Received Import Request.
  Time since last request: 0.082387 seconds.
  path: Assets/Graphics/3D/Materials/Atlas.mat
  artifactKey: Guid(c880b0437efde4e43b5f7be9b813c519) Importer(815301076,1909f56bfc062723c751e8b465ee728b)
Start importing Assets/Graphics/3D/Materials/Atlas.mat using Guid(c880b0437efde4e43b5f7be9b813c519) Importer(815301076,1909f56bfc062723c751e8b465ee728b)  -> (artifact id: '4faece2c35275c36b1f91a8ccb1ee040') in 1.112846 seconds 
========================================================================
Received Import Request.
  Time since last request: 9.542562 seconds.
  path: Assets/Graphics/3D/Skyboxes
  artifactKey: Guid(9f6c27cce4021fa47b11c8e1604de1c5) Importer(815301076,1909f56bfc062723c751e8b465ee728b)
Start importing Assets/Graphics/3D/Skyboxes using Guid(9f6c27cce4021fa47b11c8e1604de1c5) Importer(815301076,1909f56bfc062723c751e8b465ee728b)  -> (artifact id: '06e9fbb2d101697a0f44fa2efe733a01') in 0.005708 seconds 
========================================================================
Received Import Request.
  Time since last request: 20.514066 seconds.
  path: Assets/Graphics/3D/Materials/Particles
  artifactKey: Guid(688442681dcb11f429c89897400d49ea) Importer(815301076,1909f56bfc062723c751e8b465ee728b)
Start importing Assets/Graphics/3D/Materials/Particles using Guid(688442681dcb11f429c89897400d49ea) Importer(815301076,1909f56bfc062723c751e8b465ee728b)  -> (artifact id: 'fe4c1db6d7a049b1575e0f5f4a79e01f') in 0.005699 seconds 
========================================================================
Received Import Request.
  Time since last request: 0.553160 seconds.
  path: Assets/Graphics/3D/Materials/Particles/Blocks
  artifactKey: Guid(382383bab875ce34d809297d5f42d037) Importer(815301076,1909f56bfc062723c751e8b465ee728b)
Start importing Assets/Graphics/3D/Materials/Particles/Blocks using Guid(382383bab875ce34d809297d5f42d037) Importer(815301076,1909f56bfc062723c751e8b465ee728b)  -> (artifact id: '54a17a6fb9248340a7ac4c90eadc4691') in 0.002422 seconds 
========================================================================
Received Import Request.
  Time since last request: 0.723543 seconds.
  path: Assets/Graphics/3D/Materials/Particles/Blocks/Dirt
  artifactKey: Guid(d849f43c34900754fa1c27c4c5339a1a) Importer(815301076,1909f56bfc062723c751e8b465ee728b)
Start importing Assets/Graphics/3D/Materials/Particles/Blocks/Dirt using Guid(d849f43c34900754fa1c27c4c5339a1a) Importer(815301076,1909f56bfc062723c751e8b465ee728b)  -> (artifact id: '72d7358ea21cc5bfd4c1fa5bb8eafcad') in 0.007118 seconds 
========================================================================
Received Import Request.
  Time since last request: 2.848806 seconds.
  path: Assets/Graphics/3D/Materials/Particle
  artifactKey: Guid(f4390c7d1a1e94e458fd0ee1c4cd51b3) Importer(815301076,1909f56bfc062723c751e8b465ee728b)
Start importing Assets/Graphics/3D/Materials/Particle using Guid(f4390c7d1a1e94e458fd0ee1c4cd51b3) Importer(815301076,1909f56bfc062723c751e8b465ee728b)  -> (artifact id: 'a821c66b27308bb2fda97b573a2b6315') in 0.005816 seconds 
========================================================================
Received Import Request.
  Time since last request: 0.552704 seconds.
  path: Assets/Graphics/3D/Materials/Particle/Bricks
  artifactKey: Guid(d155948f0edca2245a8e86230b35a37f) Importer(815301076,1909f56bfc062723c751e8b465ee728b)
Start importing Assets/Graphics/3D/Materials/Particle/Bricks using Guid(d155948f0edca2245a8e86230b35a37f) Importer(815301076,1909f56bfc062723c751e8b465ee728b)  -> (artifact id: '1672f6324e78e2bfcfa01932524fce35') in 0.006682 seconds 
========================================================================
Received Import Request.
  Time since last request: 21.467278 seconds.
  path: Assets/Graphics/3D/Materials/Particle/Bricks/Destroy particle.mat
  artifactKey: Guid(452b80d0d3695554ca34e7c012f0073e) Importer(815301076,1909f56bfc062723c751e8b465ee728b)
Start importing Assets/Graphics/3D/Materials/Particle/Bricks/Destroy particle.mat using Guid(452b80d0d3695554ca34e7c012f0073e) Importer(815301076,1909f56bfc062723c751e8b465ee728b)  -> (artifact id: '31bf4a0f5928fab8fde44a79b4741c6c') in 0.013994 seconds 
========================================================================
Received Import Request.
  Time since last request: 2.192255 seconds.
  path: Assets/Graphics/3D/Materials/Particle/Dirt
  artifactKey: Guid(0eaa9fb370018f541b99e8e30acec02e) Importer(815301076,1909f56bfc062723c751e8b465ee728b)
Start importing Assets/Graphics/3D/Materials/Particle/Dirt using Guid(0eaa9fb370018f541b99e8e30acec02e) Importer(815301076,1909f56bfc062723c751e8b465ee728b)  -> (artifact id: '382662daa99ba4d20bd9ec8f4f595139') in 0.001963 seconds 
========================================================================
Received Import Request.
  Time since last request: 0.049852 seconds.
  path: Assets/Graphics/3D/Materials/Particle/Dirt/Dirt particle.mat
  artifactKey: Guid(deaffc9ee43eff340a41fb0d4ccadc95) Importer(815301076,1909f56bfc062723c751e8b465ee728b)
Start importing Assets/Graphics/3D/Materials/Particle/Dirt/Dirt particle.mat using Guid(deaffc9ee43eff340a41fb0d4ccadc95) Importer(815301076,1909f56bfc062723c751e8b465ee728b)  -> (artifact id: '256d93cb0f17cdd96d4b7e6d864da5bb') in 0.048564 seconds 
========================================================================
Received Import Request.
  Time since last request: 9.224706 seconds.
  path: Assets/Graphics/3D/Materials/Particle/Destroy
  artifactKey: Guid(0eaa9fb370018f541b99e8e30acec02e) Importer(815301076,1909f56bfc062723c751e8b465ee728b)
Start importing Assets/Graphics/3D/Materials/Particle/Destroy using Guid(0eaa9fb370018f541b99e8e30acec02e) Importer(815301076,1909f56bfc062723c751e8b465ee728b)  -> (artifact id: 'f34a5b9d99f181428a67c54bd55e1829') in 0.001864 seconds 
========================================================================
Received Import Request.
  Time since last request: 8.282552 seconds.
  path: Assets/Graphics/3D/Materials/Particle/Destroy/Destroy particle.mat
  artifactKey: Guid(deaffc9ee43eff340a41fb0d4ccadc95) Importer(815301076,1909f56bfc062723c751e8b465ee728b)
Start importing Assets/Graphics/3D/Materials/Particle/Destroy/Destroy particle.mat using Guid(deaffc9ee43eff340a41fb0d4ccadc95) Importer(815301076,1909f56bfc062723c751e8b465ee728b)  -> (artifact id: '0deffd54fe18005db36c1432eb13cb87') in 0.012739 seconds 
========================================================================
Received Import Request.
  Time since last request: 21.852875 seconds.
  path: Assets/Graphics/3D/Materials/Particles
  artifactKey: Guid(f4390c7d1a1e94e458fd0ee1c4cd51b3) Importer(815301076,1909f56bfc062723c751e8b465ee728b)
Start importing Assets/Graphics/3D/Materials/Particles using Guid(f4390c7d1a1e94e458fd0ee1c4cd51b3) Importer(815301076,1909f56bfc062723c751e8b465ee728b)  -> (artifact id: '07a615a169371253a78eb106cc83237e') in 0.001832 seconds 
========================================================================
Received Import Request.
  Time since last request: 9.975570 seconds.
  path: Assets/Graphics/3D/Models
  artifactKey: Guid(0d83a4286b152bc4080b06c07ffab055) Importer(815301076,1909f56bfc062723c751e8b465ee728b)
Start importing Assets/Graphics/3D/Models using Guid(0d83a4286b152bc4080b06c07ffab055) Importer(815301076,1909f56bfc062723c751e8b465ee728b)  -> (artifact id: '9c6e3ce4bc9d987091c683e4a6e263bb') in 0.009604 seconds 
========================================================================
Received Import Request.
  Time since last request: 0.073905 seconds.
  path: Assets/Graphics/3D/Models/character.fbx
  artifactKey: Guid(ac03f3c21a1c0824a812ee5daf3c5071) Importer(815301076,1909f56bfc062723c751e8b465ee728b)
Start importing Assets/Graphics/3D/Models/character.fbx using Guid(ac03f3c21a1c0824a812ee5daf3c5071) Importer(815301076,1909f56bfc062723c751e8b465ee728b)  -> (artifact id: '167bc086d9bfcf9671bbf4d25471f7ea') in 0.370044 seconds 
========================================================================
Received Import Request.
  Time since last request: 6.159261 seconds.
  path: Assets/Graphics/3D/Models/rigged character
  artifactKey: Guid(8bc1be018a1d0a4478dc7f9c28f1d431) Importer(815301076,1909f56bfc062723c751e8b465ee728b)
Start importing Assets/Graphics/3D/Models/rigged character using Guid(8bc1be018a1d0a4478dc7f9c28f1d431) Importer(815301076,1909f56bfc062723c751e8b465ee728b)  -> (artifact id: 'a72fbfe9054c0a90da460eea78d91a12') in 0.006602 seconds 
========================================================================
Received Import Request.
  Time since last request: 0.050086 seconds.
  path: Assets/Graphics/3D/Models/rigged character/rigged character.fbx
  artifactKey: Guid(397379a67e9be0f45bac37cb6028c354) Importer(815301076,1909f56bfc062723c751e8b465ee728b)
Start importing Assets/Graphics/3D/Models/rigged character/rigged character.fbx using Guid(397379a67e9be0f45bac37cb6028c354) Importer(815301076,1909f56bfc062723c751e8b465ee728b)  -> (artifact id: 'cba0b3b72c7f3d65b702bdbcc39bc909') in 0.071062 seconds 
========================================================================
Received Import Request.
  Time since last request: 1.183616 seconds.
  path: Assets/Graphics/3D/Models/rigged character/Animations
  artifactKey: Guid(a01c75053a8937241bd35513b503a8e4) Importer(815301076,1909f56bfc062723c751e8b465ee728b)
Start importing Assets/Graphics/3D/Models/rigged character/Animations using Guid(a01c75053a8937241bd35513b503a8e4) Importer(815301076,1909f56bfc062723c751e8b465ee728b)  -> (artifact id: 'd88878e5ae8d1d0886a692172cd89f20') in 0.005131 seconds 
========================================================================
Received Import Request.
  Time since last request: 1.543083 seconds.
  path: Assets/Graphics/3D/Models/rigged character/Animations/Rig
  artifactKey: Guid(d83512493ff6add46909efaaf31fd6d8) Importer(815301076,1909f56bfc062723c751e8b465ee728b)
Start importing Assets/Graphics/3D/Models/rigged character/Animations/Rig using Guid(d83512493ff6add46909efaaf31fd6d8) Importer(815301076,1909f56bfc062723c751e8b465ee728b)  -> (artifact id: 'e62fe9f5b8d5d519d9746b8ffe4dcb48') in 0.007461 seconds 
========================================================================
Received Import Request.
  Time since last request: 0.029828 seconds.
  path: Assets/Graphics/3D/Models/rigged character/Animations/Rig/Arms.mask
  artifactKey: Guid(db49f32e3cae7cb45aedfe60b10844b7) Importer(815301076,1909f56bfc062723c751e8b465ee728b)
Start importing Assets/Graphics/3D/Models/rigged character/Animations/Rig/Arms.mask using Guid(db49f32e3cae7cb45aedfe60b10844b7) Importer(815301076,1909f56bfc062723c751e8b465ee728b)  -> (artifact id: '316530c75debbbc722250fd2233c7594') in 0.053100 seconds 
========================================================================
Received Import Request.
  Time since last request: 2.648355 seconds.
  path: Assets/Graphics/3D/Models/rigged character/Animations/Legs
  artifactKey: Guid(3d53f7b0eb3cebd44a5150381d6c96f9) Importer(815301076,1909f56bfc062723c751e8b465ee728b)
Start importing Assets/Graphics/3D/Models/rigged character/Animations/Legs using Guid(3d53f7b0eb3cebd44a5150381d6c96f9) Importer(815301076,1909f56bfc062723c751e8b465ee728b)  -> (artifact id: '7de789c5e14edbfbf04a2b2dfbd5f572') in 0.001996 seconds 
========================================================================
Received Import Request.
  Time since last request: 0.057681 seconds.
  path: Assets/Graphics/3D/Models/rigged character/Animations/Legs/falling.fbx
  artifactKey: Guid(e670808aba349074a8226c157bc21bcb) Importer(815301076,1909f56bfc062723c751e8b465ee728b)
Start importing Assets/Graphics/3D/Models/rigged character/Animations/Legs/falling.fbx using Guid(e670808aba349074a8226c157bc21bcb) Importer(815301076,1909f56bfc062723c751e8b465ee728b)  -> (artifact id: '306b9ec7085926d39cb7dfae21977c67') in 0.012101 seconds 
========================================================================
Received Import Request.
  Time since last request: 0.000022 seconds.
  path: Assets/Graphics/3D/Models/rigged character/Animations/Legs/Right Walking.fbx
  artifactKey: Guid(8d3755a78e64602458fe105973a96837) Importer(815301076,1909f56bfc062723c751e8b465ee728b)
Start importing Assets/Graphics/3D/Models/rigged character/Animations/Legs/Right Walking.fbx using Guid(8d3755a78e64602458fe105973a96837) Importer(815301076,1909f56bfc062723c751e8b465ee728b)  -> (artifact id: 'aaa4b0bcb6124b0cf9dde4740875c338') in 0.044998 seconds 
========================================================================
Received Import Request.
  Time since last request: 0.000024 seconds.
  path: Assets/Graphics/3D/Models/rigged character/Animations/Legs/Walking Backwards.fbx
  artifactKey: Guid(0ebafefe01295c042b6f8a1d00f91eba) Importer(815301076,1909f56bfc062723c751e8b465ee728b)
Start importing Assets/Graphics/3D/Models/rigged character/Animations/Legs/Walking Backwards.fbx using Guid(0ebafefe01295c042b6f8a1d00f91eba) Importer(815301076,1909f56bfc062723c751e8b465ee728b)  -> (artifact id: '689ded6dc1d521f6fbbc8f8607a409bc') in 0.046338 seconds 
========================================================================
Received Import Request.
  Time since last request: 37.993298 seconds.
  path: Assets/Scripts/Chunks/ChunkData.cs
  artifactKey: Guid(a98f6852bb73a4142b398825ab65810f) Importer(815301076,1909f56bfc062723c751e8b465ee728b)
Start importing Assets/Scripts/Chunks/ChunkData.cs using Guid(a98f6852bb73a4142b398825ab65810f) Importer(815301076,1909f56bfc062723c751e8b465ee728b)  -> (artifact id: '711fb6993d6d357e11d7c74522e4bafb') in 0.030195 seconds 
========================================================================
Received Import Request.
  Time since last request: 489.997518 seconds.
  path: Assets/Scripts/Blocks/Block_material/MaterialType.cs
  artifactKey: Guid(79b0656917a8e1047a47e4a8758dc124) Importer(815301076,1909f56bfc062723c751e8b465ee728b)
Start importing Assets/Scripts/Blocks/Block_material/MaterialType.cs using Guid(79b0656917a8e1047a47e4a8758dc124) Importer(815301076,1909f56bfc062723c751e8b465ee728b)  -> (artifact id: 'a312a9dddfeadcb8755c351863398245') in 0.006776 seconds 
========================================================================
Received Prepare
Registering precompiled user dll's ...
Registered in 0.006076 seconds.
Begin MonoManager ReloadAssembly
Native extension for WindowsStandalone target not found
Refreshing native plugins compatible for Editor in 1.01 ms, found 2 plugins.
Preloading 0 native plugins for Editor in 0.00 ms.
Mono: successfully reloaded assembly
- Completed reload, in  1.317 seconds
Domain Reload Profiling:
	ReloadAssembly (1318ms)
		BeginReloadAssembly (154ms)
			ExecutionOrderSort (0ms)
			DisableScriptedObjects (5ms)
			BackupInstance (0ms)
			ReleaseScriptingObjects (0ms)
			CreateAndSetChildDomain (51ms)
		EndReloadAssembly (1050ms)
			LoadAssemblies (98ms)
			RebuildTransferFunctionScriptingTraits (0ms)
			SetupTypeCache (291ms)
			ReleaseScriptCaches (2ms)
			RebuildScriptCaches (52ms)
			SetupLoadedEditorAssemblies (567ms)
				LogAssemblyErrors (0ms)
				InitializePlatformSupportModulesInManaged (41ms)
				SetLoadedEditorAssemblies (1ms)
				RefreshPlugins (1ms)
				BeforeProcessingInitializeOnLoad (84ms)
				ProcessInitializeOnLoadAttributes (341ms)
				ProcessInitializeOnLoadMethodAttributes (98ms)
				AfterProcessingInitializeOnLoad (2ms)
				EditorAssembliesLoaded (0ms)
			ExecutionOrderSort2 (0ms)
			AwakeInstancesAfterBackupRestoration (9ms)
Platform modules already initialized, skipping
Refreshing native plugins compatible for Editor in 2.44 ms, found 2 plugins.
Preloading 0 native plugins for Editor in 0.00 ms.
Unloading 4196 Unused Serialized files (Serialized files now loaded: 0)
Unloading 41 unused Assets / (1.9 MB). Loaded Objects now: 4851.
Memory consumption went from 192.3 MB to 190.4 MB.
Total: 4.343900 ms (FindLiveObjects: 0.349200 ms CreateObjectMapping: 0.245200 ms MarkObjects: 3.263100 ms  DeleteObjects: 0.485600 ms)

AssetImportParameters requested are different than current active one (requested -> active):
  custom:video-decoder-ogg-theora: a1e56fd34408186e4bbccfd4996cb3dc -> 
  custom:container-muxer-webm: aa71ff27fc2769a1b78a27578f13a17b -> 
  custom:container-demuxer-webm: 4f35f7cbe854078d1ac9338744f61a02 -> 
  custom:video-encoder-webm-vp8: eb34c28f22e8b96e1ab97ce403110664 -> 
  custom:audio-encoder-webm-vorbis: bf7c407c2cedff20999df2af8eb42d56 -> 
  custom:framework-win-MediaFoundation: 216162199b28c13a410421893ffa2e32 -> 
  custom:container-demuxer-ogg: 62fdf1f143b41e24485cea50d1cbac27 -> 
  custom:video-decoder-webm-vp8: 9c59270c3fd7afecdb556c50c9e8de78 -> 
  custom:audio-decoder-ogg-vorbis: bf7c407c2cedff20999df2af8eb42d56 -> 
========================================================================
Received Import Request.
  Time since last request: 122.370109 seconds.
  path: Assets/Fonts
  artifactKey: Guid(fc480c7e6496d274e83b9824aa15c5ba) Importer(815301076,1909f56bfc062723c751e8b465ee728b)
Start importing Assets/Fonts using Guid(fc480c7e6496d274e83b9824aa15c5ba) Importer(815301076,1909f56bfc062723c751e8b465ee728b)  -> (artifact id: 'd9a242f1a461ffc6ababaf1c059587de') in 0.010574 seconds 
========================================================================
Received Import Request.
  Time since last request: 34.053650 seconds.
  path: Assets/Urp
  artifactKey: Guid(af9907ee83046fb4c9285fa2759c608c) Importer(815301076,1909f56bfc062723c751e8b465ee728b)
Start importing Assets/Urp using Guid(af9907ee83046fb4c9285fa2759c608c) Importer(815301076,1909f56bfc062723c751e8b465ee728b)  -> (artifact id: '6e103ec54a09afb072a5fb19af814c0a') in 0.007960 seconds 
========================================================================
Received Import Request.
  Time since last request: 7.085136 seconds.
  path: Assets/Urp/Atlases
  artifactKey: Guid(7a97221705422404692667ea68e1d585) Importer(815301076,1909f56bfc062723c751e8b465ee728b)
Start importing Assets/Urp/Atlases using Guid(7a97221705422404692667ea68e1d585) Importer(815301076,1909f56bfc062723c751e8b465ee728b)  -> (artifact id: '506e908c139d466efd7d1919e8e89b06') in 0.005808 seconds 
========================================================================
Received Import Request.
  Time since last request: 9.287606 seconds.
  path: Assets/Urp/AtlasMaker
  artifactKey: Guid(350f3f7cad91ca443b736b8efc0474d6) Importer(815301076,1909f56bfc062723c751e8b465ee728b)
Start importing Assets/Urp/AtlasMaker using Guid(350f3f7cad91ca443b736b8efc0474d6) Importer(815301076,1909f56bfc062723c751e8b465ee728b)  -> (artifact id: 'dcda4c349113369dca1066a808322737') in 0.006234 seconds 
========================================================================
Received Import Request.
  Time since last request: 0.612523 seconds.
  path: Assets/Urp/AtlasMaker/Assets
  artifactKey: Guid(7c4eaf8fde7db3f4bb1b2e5a0d382b88) Importer(815301076,1909f56bfc062723c751e8b465ee728b)
Start importing Assets/Urp/AtlasMaker/Assets using Guid(7c4eaf8fde7db3f4bb1b2e5a0d382b88) Importer(815301076,1909f56bfc062723c751e8b465ee728b)  -> (artifact id: '5d472653f8b0bd41814cd23ea9348640') in 0.006331 seconds 
========================================================================
Received Import Request.
  Time since last request: 0.601163 seconds.
  path: Assets/Urp/AtlasMaker/Assets/Scripts
  artifactKey: Guid(f658d87ca9ce40d42b959faface291a1) Importer(815301076,1909f56bfc062723c751e8b465ee728b)
Start importing Assets/Urp/AtlasMaker/Assets/Scripts using Guid(f658d87ca9ce40d42b959faface291a1) Importer(815301076,1909f56bfc062723c751e8b465ee728b)  -> (artifact id: '5fab34805f52fcb561f9e8c0db78a754') in 0.005974 seconds 
========================================================================
Received Prepare
Registering precompiled user dll's ...
Registered in 0.005089 seconds.
Begin MonoManager ReloadAssembly
Native extension for WindowsStandalone target not found
Refreshing native plugins compatible for Editor in 0.84 ms, found 2 plugins.
Preloading 0 native plugins for Editor in 0.00 ms.
Mono: successfully reloaded assembly
- Completed reload, in  1.417 seconds
Domain Reload Profiling:
	ReloadAssembly (1418ms)
		BeginReloadAssembly (168ms)
			ExecutionOrderSort (0ms)
			DisableScriptedObjects (6ms)
			BackupInstance (0ms)
			ReleaseScriptingObjects (0ms)
			CreateAndSetChildDomain (55ms)
		EndReloadAssembly (1128ms)
			LoadAssemblies (110ms)
			RebuildTransferFunctionScriptingTraits (0ms)
			SetupTypeCache (324ms)
			ReleaseScriptCaches (2ms)
			RebuildScriptCaches (59ms)
			SetupLoadedEditorAssemblies (589ms)
				LogAssemblyErrors (0ms)
				InitializePlatformSupportModulesInManaged (29ms)
				SetLoadedEditorAssemblies (1ms)
				RefreshPlugins (1ms)
				BeforeProcessingInitializeOnLoad (98ms)
				ProcessInitializeOnLoadAttributes (357ms)
				ProcessInitializeOnLoadMethodAttributes (100ms)
				AfterProcessingInitializeOnLoad (3ms)
				EditorAssembliesLoaded (0ms)
			ExecutionOrderSort2 (0ms)
			AwakeInstancesAfterBackupRestoration (9ms)
Platform modules already initialized, skipping
Refreshing native plugins compatible for Editor in 3.56 ms, found 2 plugins.
Preloading 0 native plugins for Editor in 0.00 ms.
Unloading 4195 Unused Serialized files (Serialized files now loaded: 0)
Unloading 42 unused Assets / (1.9 MB). Loaded Objects now: 4853.
Memory consumption went from 192.3 MB to 190.4 MB.
Total: 3.819600 ms (FindLiveObjects: 0.320100 ms CreateObjectMapping: 0.242500 ms MarkObjects: 2.738200 ms  DeleteObjects: 0.517900 ms)

AssetImportParameters requested are different than current active one (requested -> active):
  custom:video-decoder-ogg-theora: a1e56fd34408186e4bbccfd4996cb3dc -> 
  custom:container-muxer-webm: aa71ff27fc2769a1b78a27578f13a17b -> 
  custom:container-demuxer-webm: 4f35f7cbe854078d1ac9338744f61a02 -> 
  custom:video-encoder-webm-vp8: eb34c28f22e8b96e1ab97ce403110664 -> 
  custom:audio-encoder-webm-vorbis: bf7c407c2cedff20999df2af8eb42d56 -> 
  custom:framework-win-MediaFoundation: 216162199b28c13a410421893ffa2e32 -> 
  custom:container-demuxer-ogg: 62fdf1f143b41e24485cea50d1cbac27 -> 
  custom:video-decoder-webm-vp8: 9c59270c3fd7afecdb556c50c9e8de78 -> 
  custom:audio-decoder-ogg-vorbis: bf7c407c2cedff20999df2af8eb42d56 -> 
========================================================================
Received Import Request.
  Time since last request: 85.524905 seconds.
  path: Assets/newVoxelType.asset
  artifactKey: Guid(267602bacdd169b4188c2ceea05a0a5a) Importer(815301076,1909f56bfc062723c751e8b465ee728b)
Start importing Assets/newVoxelType.asset using Guid(267602bacdd169b4188c2ceea05a0a5a) Importer(815301076,1909f56bfc062723c751e8b465ee728b)  -> (artifact id: 'b28d0b2e447eb4b2e39477608bbd73e3') in 0.028984 seconds 
========================================================================
Received Import Request.
  Time since last request: 37.390535 seconds.
  path: Assets/Graphics/3D/Select box
  artifactKey: Guid(ff7dab9c6df83464da9e3c65d20ef10e) Importer(815301076,1909f56bfc062723c751e8b465ee728b)
Start importing Assets/Graphics/3D/Select box using Guid(ff7dab9c6df83464da9e3c65d20ef10e) Importer(815301076,1909f56bfc062723c751e8b465ee728b)  -> (artifact id: '49b787e535998a83da3c0476436611aa') in 0.005566 seconds 
========================================================================
Received Import Request.
  Time since last request: 12.726721 seconds.
  path: Assets/Graphics/3D/Select box/Select box.mat
  artifactKey: Guid(b7629fd06a1ba4043a0b2a34005ed33e) Importer(815301076,1909f56bfc062723c751e8b465ee728b)
Start importing Assets/Graphics/3D/Select box/Select box.mat using Guid(b7629fd06a1ba4043a0b2a34005ed33e) Importer(815301076,1909f56bfc062723c751e8b465ee728b)  -> (artifact id: '6810b7bd96a5a67e36a15750f3d643b0') in 0.072083 seconds 
========================================================================
Received Prepare
Registering precompiled user dll's ...
Registered in 0.005148 seconds.
